<?xml version="1.0" encoding="UTF-8"?>
<testng-results ignored="0" total="1" passed="1" failed="0" skipped="0">
  <reporter-output>
  </reporter-output>
  <suite started-at="2023-08-22T19:55:25 IST" name="Default suite" finished-at="2023-08-22T19:55:25 IST" duration-ms="121">
    <groups>
    </groups>
    <test started-at="2023-08-22T19:55:25 IST" name="Default test" finished-at="2023-08-22T19:55:25 IST" duration-ms="121">
      <class name="tests.MissingNumber">
        <test-method signature="Test1()[pri:0, instance:tests.MissingNumber@72cc7e6f]" started-at="2023-08-22T19:55:25 IST" name="Test1" finished-at="2023-08-22T19:55:25 IST" duration-ms="20" status="PASS">
          <reporter-output>
          </reporter-output>
        </test-method> <!-- Test1 -->
      </class> <!-- tests.MissingNumber -->
    </test> <!-- Default test -->
  </suite> <!-- Default suite -->
</testng-results>
