<?xml version="1.0" encoding="UTF-8"?>
<testng-results ignored="0" total="4" passed="4" failed="0" skipped="0">
  <reporter-output>
  </reporter-output>
  <suite started-at="2023-08-15T15:45:04 IST" name="Suite" finished-at="2023-08-15T15:45:09 IST" duration-ms="5594">
    <groups>
    </groups>
    <test started-at="2023-08-15T15:45:04 IST" name="Test" finished-at="2023-08-15T15:45:09 IST" duration-ms="5594">
      <class name="JiraAPI.GetBug">
        <test-method is-config="true" signature="setUp()[pri:0, instance:JiraAPI.GetBug@5403f35f]" started-at="2023-08-15T15:45:08 IST" name="setUp" finished-at="2023-08-15T15:45:08 IST" duration-ms="2" status="PASS">
          <reporter-output>
          </reporter-output>
        </test-method> <!-- setUp -->
        <test-method signature="get()[pri:0, instance:JiraAPI.GetBug@5403f35f]" started-at="2023-08-15T15:45:08 IST" name="get" finished-at="2023-08-15T15:45:08 IST" depends-on-methods="JiraAPI.CreateBug.create" duration-ms="606" status="PASS">
          <reporter-output>
          </reporter-output>
        </test-method> <!-- get -->
      </class> <!-- JiraAPI.GetBug -->
      <class name="JiraAPI.UpdateBug">
        <test-method is-config="true" signature="setUp()[pri:0, instance:JiraAPI.UpdateBug@429bffaa]" started-at="2023-08-15T15:45:07 IST" name="setUp" finished-at="2023-08-15T15:45:07 IST" duration-ms="0" status="PASS">
          <reporter-output>
          </reporter-output>
        </test-method> <!-- setUp -->
        <test-method signature="update()[pri:0, instance:JiraAPI.UpdateBug@429bffaa]" started-at="2023-08-15T15:45:07 IST" name="update" finished-at="2023-08-15T15:45:08 IST" depends-on-methods="JiraAPI.CreateBug.create" duration-ms="777" status="PASS">
          <reporter-output>
          </reporter-output>
        </test-method> <!-- update -->
      </class> <!-- JiraAPI.UpdateBug -->
      <class name="JiraAPI.DeleteBug">
        <test-method is-config="true" signature="setUp()[pri:0, instance:JiraAPI.DeleteBug@483f6d77]" started-at="2023-08-15T15:45:08 IST" name="setUp" finished-at="2023-08-15T15:45:08 IST" duration-ms="1" status="PASS">
          <reporter-output>
          </reporter-output>
        </test-method> <!-- setUp -->
        <test-method signature="delete()[pri:0, instance:JiraAPI.DeleteBug@483f6d77]" started-at="2023-08-15T15:45:08 IST" name="delete" finished-at="2023-08-15T15:45:09 IST" depends-on-methods="JiraAPI.CreateBug.create" duration-ms="800" status="PASS">
          <reporter-output>
          </reporter-output>
        </test-method> <!-- delete -->
      </class> <!-- JiraAPI.DeleteBug -->
      <class name="JiraAPI.CreateBug">
        <test-method is-config="true" signature="setUp()[pri:0, instance:JiraAPI.CreateBug@51dcb805]" started-at="2023-08-15T15:45:04 IST" name="setUp" finished-at="2023-08-15T15:45:04 IST" duration-ms="428" status="PASS">
          <reporter-output>
          </reporter-output>
        </test-method> <!-- setUp -->
        <test-method signature="create()[pri:0, instance:JiraAPI.CreateBug@51dcb805]" started-at="2023-08-15T15:45:04 IST" name="create" finished-at="2023-08-15T15:45:07 IST" duration-ms="2929" status="PASS">
          <reporter-output>
          </reporter-output>
        </test-method> <!-- create -->
      </class> <!-- JiraAPI.CreateBug -->
    </test> <!-- Test -->
  </suite> <!-- Suite -->
</testng-results>
