<?xml version="1.0" encoding="UTF-8"?>
<!-- Generated by org.testng.reporters.JUnitXMLReporter -->
<testsuite ignored="0" hostname="Ivaan" failures="0" tests="4" name="Test" time="5.594" errors="0" timestamp="2023-08-15T15:45:09 IST">
  <testcase classname="JiraAPI.CreateBug" name="create" time="2.929"/>
  <testcase classname="JiraAPI.UpdateBug" name="update" time="0.777"/>
  <testcase classname="JiraAPI.GetBug" name="get" time="0.606"/>
  <testcase classname="JiraAPI.DeleteBug" name="delete" time="0.8"/>
</testsuite> <!-- Test -->
